#
# There is insufficient memory for the Java Runtime Environment to continue.
# Native memory allocation (mmap) failed to map 266338304 bytes for Failed to commit area from 0x0000000703a00000 to 0x0000000713800000 of length 266338304.
# Possible reasons:
#   The system is out of physical RAM or swap space
#   The process is running with CompressedOops enabled, and the Java Heap may be blocking the growth of the native heap
# Possible solutions:
#   Reduce memory load on the system
#   Increase physical memory or swap space
#   Check if swap backing store is full
#   Decrease Java heap size (-Xmx/-Xms)
#   Decrease number of Java threads
#   Decrease Java thread stack sizes (-Xss)
#   Set larger code cache with -XX:ReservedCodeCacheSize=
#   JVM is running with Zero Based Compressed Oops mode in which the Java heap is
#     placed in the first 32GB address space. The Java Heap base address is the
#     maximum limit for the native heap growth. Please use -XX:HeapBaseMinAddress
#     to set the Java Heap base and to place the Java Heap above 32GB virtual address.
# This output file may be truncated or incomplete.
#
#  Out of Memory Error (./open/src/hotspot/os/windows/os_windows.cpp:3315), pid=2740, tid=9712
#
# JRE version:  (14.0.1+7) (build )
# Java VM: Java HotSpot(TM) 64-Bit Server VM (14.0.1+7, mixed mode, sharing, tiered, compressed oops, g1 gc, windows-amd64)
# No core dump will be written. Minidumps are not enabled by default on client versions of Windows
#

---------------  S U M M A R Y ------------

Command Line: com.mycompany.crudvideojuegos.Main

Host: Intel(R) Core(TM) i5-1035G1 CPU @ 1.00GHz, 8 cores, 15G,  Windows 10 , 64 bit Build 22621 (10.0.22621.4974)
Time: Tue Nov  4 17:34:45 2025 Hora estándar central (México) elapsed time: 0 seconds (0d 0h 0m 0s)

---------------  T H R E A D  ---------------

Current thread (0x000002547f612000):  JavaThread "Unknown thread" [_thread_in_vm, id=9712, stack(0x000000d146700000,0x000000d146800000)]

Stack: [0x000000d146700000,0x000000d146800000]
Native frames: (J=compiled Java code, j=interpreted, Vv=VM code, C=native code)
V  [jvm.dll+0x5f840a]
V  [jvm.dll+0x741e4a]
V  [jvm.dll+0x7435ff]
V  [jvm.dll+0x743c43]
V  [jvm.dll+0x20d288]
V  [jvm.dll+0x5f57ba]
V  [jvm.dll+0x5ea615]
V  [jvm.dll+0x2c7e9c]
V  [jvm.dll+0x2c7cd2]
V  [jvm.dll+0x2cdbbc]
V  [jvm.dll+0x313ff8]
V  [jvm.dll+0x313720]
V  [jvm.dll+0x2a092a]
V  [jvm.dll+0x2a1a79]
V  [jvm.dll+0x71f718]
V  [jvm.dll+0x321c44]
V  [jvm.dll+0x700b0c]
V  [jvm.dll+0x392dff]
V  [jvm.dll+0x394e71]
C  [jli.dll+0x523b]
C  [ucrtbase.dll+0x29333]
C  [KERNEL32.DLL+0x1259d]
C  [ntdll.dll+0x5af38]


---------------  P R O C E S S  ---------------

Threads class SMR info:
_java_thread_list=0x00007ff803bf3078, length=0, elements={
}

Java Threads: ( => current thread )

Other Threads:
  0x000002547f67a800 GCTaskThread "GC Thread#0" [stack: 0x000000d146800000,0x000000d146900000] [id=18976]
  0x000002547f69b800 ConcurrentGCThread "G1 Main Marker" [stack: 0x000000d146900000,0x000000d146a00000] [id=6760]
  0x000002547f69d000 ConcurrentGCThread "G1 Conc#0" [stack: 0x000000d146a00000,0x000000d146b00000] [id=16612]

[error occurred during error reporting (printing all threads), id 0xc0000005, EXCEPTION_ACCESS_VIOLATION (0xc0000005) at pc=0x00007ff803421257]

VM state:not at safepoint (not fully initialized)

VM Mutex/Monitor currently owned by a thread:  ([mutex/lock_event])
[0x000002547f60dcf0] Heap_lock - owner thread: 0x000002547f612000

Heap address: 0x0000000703a00000, size: 4038 MB, Compressed Oops mode: Zero based, Oop shift amount: 3
Narrow klass base: 0x0000000000000000, Narrow klass shift: 0

GC Heap History (0 events):
No events

Deoptimization events (0 events):
No events

Classes unloaded (0 events):
No events

Classes redefined (0 events):
No events

Internal exceptions (0 events):
No events

Events (2 events):
Event: 0.006 Loaded shared library C:\Program Files\Java\jdk-14.0.1\bin\java.dll
Event: 0.006 Loaded shared library C:\Program Files\Java\jdk-14.0.1\bin\zip.dll


Dynamic libraries:
0x00007ff768360000 - 0x00007ff76836f000 	C:\Program Files\Java\jdk-14.0.1\bin\java.exe
0x00007ff8cb510000 - 0x00007ff8cb727000 	C:\WINDOWS\SYSTEM32\ntdll.dll
0x00007ff8ca900000 - 0x00007ff8ca9c4000 	C:\WINDOWS\System32\KERNEL32.DLL
0x00007ff8c8930000 - 0x00007ff8c8d01000 	C:\WINDOWS\System32\KERNELBASE.dll
0x00007ff8c90c0000 - 0x00007ff8c91d1000 	C:\WINDOWS\System32\ucrtbase.dll
0x00007ff88ee70000 - 0x00007ff88ee85000 	C:\Program Files\Java\jdk-14.0.1\bin\VCRUNTIME140.dll
0x00007ff8aa270000 - 0x00007ff8aa288000 	C:\Program Files\Java\jdk-14.0.1\bin\jli.dll
0x00007ff8c9980000 - 0x00007ff8c9a31000 	C:\WINDOWS\System32\ADVAPI32.dll
0x00007ff8ca770000 - 0x00007ff8ca817000 	C:\WINDOWS\System32\msvcrt.dll
0x00007ff8ca850000 - 0x00007ff8ca8f7000 	C:\WINDOWS\System32\sechost.dll
0x00007ff8c9090000 - 0x00007ff8c90b8000 	C:\WINDOWS\System32\bcrypt.dll
0x00007ff8c94b0000 - 0x00007ff8c95c4000 	C:\WINDOWS\System32\RPCRT4.dll
0x00007ff8c9660000 - 0x00007ff8c9811000 	C:\WINDOWS\System32\USER32.dll
0x00007ff8c8e30000 - 0x00007ff8c8e56000 	C:\WINDOWS\System32\win32u.dll
0x00007ff8caa30000 - 0x00007ff8caa59000 	C:\WINDOWS\System32\GDI32.dll
0x00007ff8b39f0000 - 0x00007ff8b3c82000 	C:\WINDOWS\WinSxS\amd64_microsoft.windows.common-controls_6595b64144ccf1df_6.0.22621.4830_none_270fe7d773858e80\COMCTL32.dll
0x00007ff8c8810000 - 0x00007ff8c892b000 	C:\WINDOWS\System32\gdi32full.dll
0x00007ff8c8d90000 - 0x00007ff8c8e2a000 	C:\WINDOWS\System32\msvcp_win.dll
0x00007ff8c0cd0000 - 0x00007ff8c0cda000 	C:\WINDOWS\SYSTEM32\VERSION.dll
0x00007ff8ca9f0000 - 0x00007ff8caa21000 	C:\WINDOWS\System32\IMM32.DLL
0x00007ff845590000 - 0x00007ff84562b000 	C:\Program Files\Java\jdk-14.0.1\bin\msvcp140.dll
0x00007ff803170000 - 0x00007ff803c8e000 	C:\Program Files\Java\jdk-14.0.1\bin\server\jvm.dll
0x00007ff8caaf0000 - 0x00007ff8caaf8000 	C:\WINDOWS\System32\PSAPI.DLL
0x00007ff8aa1a0000 - 0x00007ff8aa1a9000 	C:\WINDOWS\SYSTEM32\WSOCK32.dll
0x00007ff8c0ae0000 - 0x00007ff8c0b14000 	C:\WINDOWS\SYSTEM32\WINMM.dll
0x00007ff8ca610000 - 0x00007ff8ca681000 	C:\WINDOWS\System32\WS2_32.dll
0x00007ff8c76a0000 - 0x00007ff8c76b8000 	C:\WINDOWS\SYSTEM32\kernel.appcore.dll
0x00007ff8b0cc0000 - 0x00007ff8b0cca000 	C:\Program Files\Java\jdk-14.0.1\bin\jimage.dll
0x00007ff8c6060000 - 0x00007ff8c6292000 	C:\WINDOWS\SYSTEM32\DBGHELP.DLL
0x00007ff8cab00000 - 0x00007ff8cae90000 	C:\WINDOWS\System32\combase.dll
0x00007ff8ca690000 - 0x00007ff8ca767000 	C:\WINDOWS\System32\OLEAUT32.dll
0x00007ff8b49c0000 - 0x00007ff8b49f2000 	C:\WINDOWS\SYSTEM32\dbgcore.DLL
0x00007ff8c8650000 - 0x00007ff8c86cb000 	C:\WINDOWS\System32\bcryptPrimitives.dll
0x00007ff8855a0000 - 0x00007ff8855c5000 	C:\Program Files\Java\jdk-14.0.1\bin\java.dll
0x00007ff88d640000 - 0x00007ff88d656000 	C:\Program Files\Java\jdk-14.0.1\bin\zip.dll

dbghelp: loaded successfully - version: 4.0.5 - missing functions: none
symbol engine: initialized successfully - sym options: 0x614 - pdb path: .;C:\Program Files\Java\jdk-14.0.1\bin;C:\WINDOWS\SYSTEM32;C:\WINDOWS\WinSxS\amd64_microsoft.windows.common-controls_6595b64144ccf1df_6.0.22621.4830_none_270fe7d773858e80;C:\Program Files\Java\jdk-14.0.1\bin\server

VM Arguments:
java_command: com.mycompany.crudvideojuegos.Main
java_class_path (initial): C:\Users\gisel\OneDrive\Imágenes\Documentos\NetBeansProjects\CRUDVideojuegos\target\classes;C:\Users\gisel\.m2\repository\com\mysql\mysql-connector-j\8.0.33\mysql-connector-j-8.0.33.jar;C:\Users\gisel\.m2\repository\com\google\protobuf\protobuf-java\3.21.9\protobuf-java-3.21.9.jar
Launcher Type: SUN_STANDARD

[Global flags]
     intx CICompilerCount                          = 4                                         {product} {ergonomic}
     uint ConcGCThreads                            = 2                                         {product} {ergonomic}
     uint G1ConcRefinementThreads                  = 8                                         {product} {ergonomic}
   size_t G1HeapRegionSize                         = 1048576                                   {product} {ergonomic}
    uintx GCDrainStackTargetSize                   = 64                                        {product} {ergonomic}
   size_t InitialHeapSize                          = 266338304                                 {product} {ergonomic}
   size_t MarkStackSize                            = 4194304                                   {product} {ergonomic}
   size_t MaxHeapSize                              = 4234149888                                {product} {ergonomic}
   size_t MinHeapDeltaBytes                        = 1048576                                   {product} {ergonomic}
   size_t MinHeapSize                              = 8388608                                   {product} {ergonomic}
    uintx NonNMethodCodeHeapSize                   = 5839372                                {pd product} {ergonomic}
    uintx NonProfiledCodeHeapSize                  = 122909434                              {pd product} {ergonomic}
    uintx ProfiledCodeHeapSize                     = 122909434                              {pd product} {ergonomic}
    uintx ReservedCodeCacheSize                    = 251658240                              {pd product} {ergonomic}
     bool SegmentedCodeCache                       = true                                      {product} {ergonomic}
   size_t SoftMaxHeapSize                          = 4234149888                             {manageable} {ergonomic}
     bool UseCompressedClassPointers               = true                                 {lp64_product} {ergonomic}
     bool UseCompressedOops                        = true                                 {lp64_product} {ergonomic}
     bool UseG1GC                                  = true                                      {product} {ergonomic}
     bool UseLargePagesIndividualAllocation        = false                                  {pd product} {ergonomic}

Logging:
Log output configuration:
 #0: stdout all=warning uptime,level,tags
 #1: stderr all=off uptime,level,tags

Environment Variables:
JAVA_HOME=C:\Program Files\Java\jdk-14.0.1
PATH=C:\Program Files\Microsoft MPI\Bin\;C:\Program Files (x86)\Common Files\Oracle\Java\javapath;C:\Program Files (x86)\VMware\VMware Workstation\bin\;C:\WINDOWS\system32;C:\WINDOWS;C:\WINDOWS\System32\Wbem;C:\WINDOWS\System32\WindowsPowerShell\v1.0\;C:\WINDOWS\System32\OpenSSH\;C:\xampp\php;C:\ProgramData\ComposerSetup\bin;C:\Program Files\nodejs\;C:\Program Files\Git\cmd;C:\Program Files\dotnet\;C:\Program Files\Microsoft SQL Server\150\Tools\Binn\;C:\Program Files\Microsoft SQL Server\Client SDK\ODBC\170\Tools\Binn\;C:\Program Files (x86)\Windows Kits\10\Windows Performance Toolkit\;C:\Program Files (x86)\Microsoft SQL Server\160\Tools\Binn\;C:\Program Files\Microsoft SQL Server\160\Tools\Binn\;C:\Program Files\Microsoft SQL Server\160\DTS\Binn\;C:\Program Files (x86)\Microsoft SQL Server\160\DTS\Binn\;C:\Users\gisel\AppData\Local\Microsoft\WindowsApps;C:\Users\gisel\AppData\Local\Programs\Microsoft VS Code\bin;C:\Users\gisel\AppData\Roaming\Composer\vendor\bin;C:\Users\gisel\AppData\Roaming\npm;C:\flutter\bin;C:\Users\gisel\.dotnet\tools;C:\Program Files\MariaDB 10.6\bin;D:\MongoDB\bin;
USERNAME=Daniel
OS=Windows_NT
PROCESSOR_IDENTIFIER=Intel64 Family 6 Model 126 Stepping 5, GenuineIntel



---------------  S Y S T E M  ---------------

OS: Windows 10 , 64 bit Build 22621 (10.0.22621.4974)
OS uptime: 1 days 4:52 hours

CPU:total 8 (initial active 8) (4 cores per cpu, 2 threads per core) family 6 model 126 stepping 5, cmov, cx8, fxsr, mmx, sse, sse2, sse3, ssse3, sse4.1, sse4.2, popcnt, avx, avx2, aes, clmul, erms, 3dnowpref, lzcnt, ht, tsc, tscinvbit, bmi1, bmi2, adx, evex, sha, fma

Memory: 4k page, system-wide physical 16151M (3969M free)
TotalPageFile size 18199M (AvailPageFile size 240M)
current process WorkingSet (physical memory assigned to process): 11M, peak: 11M
current process commit charge ("private bytes"): 61M, peak: 315M

vm_info: Java HotSpot(TM) 64-Bit Server VM (14.0.1+7) for windows-amd64 JRE (14.0.1+7), built on Mar  5 2020 10:30:14 by "mach5one" with MS VC++ 15.9 (VS2017)

END.
